Arguments: 
  C:\Program Files\nodejs\node.exe C:\Users\Cy4Nid8\AppData\Roaming\npm\node_modules\yarn\bin\yarn.js

PATH: 
  C:\Windows\system32;C:\Windows;C:\Windows\System32\Wbem;C:\Windows\System32\WindowsPowerShell\v1.0\;C:\Windows\System32\OpenSSH\;C:\Program Files\nodejs\;C:\Program Files\Git\cmd;C:\Program Files\dotnet\;C:\Users\Cy4Nid8\AppData\Local\Microsoft\WindowsApps;C:\Users\Cy4Nid8\AppData\Roaming\npm;C:\Users\Cy4Nid8\AppData\Local\Programs\Microsoft VS Code\bin

Yarn version: 
  1.22.19

Node version: 
  18.15.0

Platform: 
  win32 x64

Trace: 
  SyntaxError: X:\martProject-server\package.json: Unexpected token ' in JSON at position 87
      at JSON.parse (<anonymous>)
      at C:\Users\Cy4Nid8\AppData\Roaming\npm\node_modules\yarn\lib\cli.js:1629:59
      at Generator.next (<anonymous>)
      at step (C:\Users\Cy4Nid8\AppData\Roaming\npm\node_modules\yarn\lib\cli.js:310:30)
      at C:\Users\Cy4Nid8\AppData\Roaming\npm\node_modules\yarn\lib\cli.js:321:13

npm manifest: 
  {
    "name": "martproject-server",
    "version": "1.0.0",
    "description": "",
    "type": 'module',
    "main": "index.js",
    "scripts": {
      "test": "echo \"Error: no test specified\" && exit 1"
    },
    "keywords": [],
    "author": "",
    "license": "ISC",
    "dependencies": {
      "bcryptjs": "^2.4.3",
      "cookie-parser": "^1.4.6",
      "dotenv": "^16.3.1",
      "express": "^4.18.2",
      "git": "^0.1.5",
      "jsonwebtoken": "^9.0.1"
    }
  }

yarn manifest: 
  No manifest

Lockfile: 
  No lockfile
